<?xml version="1.0" encoding="UTF-8"?>
<testng-results ignored="0" total="1" passed="1" failed="0" skipped="0">
  <reporter-output>
  </reporter-output>
  <suite started-at="2023-10-08T17:06:39 IST" name="Suite" finished-at="2023-10-08T17:06:46 IST" duration-ms="6956">
    <groups>
    </groups>
    <test started-at="2023-10-08T17:06:39 IST" name="Test" finished-at="2023-10-08T17:06:46 IST" duration-ms="6956">
      <class name="makemytrip.TestCases.TC_001_Login">
        <test-method is-config="true" signature="setup(java.lang.String)[pri:0, instance:makemytrip.TestCases.TC_001_Login@1040be71]" started-at="2023-10-08T17:06:39 IST" name="setup" finished-at="2023-10-08T17:06:45 IST" duration-ms="5752" status="PASS">
          <params>
            <param index="0">
              <value>
                <![CDATA[chrome]]>
              </value>
            </param>
          </params>
          <reporter-output>
          </reporter-output>
        </test-method> <!-- setup -->
        <test-method signature="logintest()[pri:0, instance:makemytrip.TestCases.TC_001_Login@1040be71]" started-at="2023-10-08T17:06:45 IST" name="logintest" finished-at="2023-10-08T17:06:45 IST" duration-ms="23" status="PASS">
          <reporter-output>
          </reporter-output>
        </test-method> <!-- logintest -->
        <test-method is-config="true" signature="tearDown()[pri:0, instance:makemytrip.TestCases.TC_001_Login@1040be71]" started-at="2023-10-08T17:06:45 IST" name="tearDown" finished-at="2023-10-08T17:06:46 IST" duration-ms="833" status="PASS">
          <reporter-output>
          </reporter-output>
        </test-method> <!-- tearDown -->
      </class> <!-- makemytrip.TestCases.TC_001_Login -->
    </test> <!-- Test -->
  </suite> <!-- Suite -->
</testng-results>
